=================================================================
==7314==ERROR: AddressSanitizer: heap-use-after-free on address 0x60600000ed28 at pc 0x55fd89a25713 bp 0x7b0e95dfda90 sp 0x7b0e95dfda88
READ of size 8 at 0x60600000ed28 thread T2
    #0 0x55fd89a25712 in Changeable<Position>::getCurrent() include/data_structures/changeable.hpp:93
    #1 0x55fd89a2820d in manager::Display::getGameWindowPosition() src/manage/display.cpp:56
    #2 0x55fd89a27ac1 in manager::Display::createGameWindow() src/manage/display.cpp:31
    #3 0x55fd89a2962f in manager::Display::gameLoop() src/manage/display.cpp:108
    #4 0x55fd89a31d30 in void std::__invoke_impl<void, void (manager::Display::* const&)(), manager::Display*>(std::__invoke_memfun_deref, void (manager::Display::* const&)(), manager::Display*&&) /usr/include/c++/6/functional:227
    #5 0x55fd89a31867 in std::result_of<void (manager::Display::* const&(manager::Display*&&))()>::type std::__invoke<void (manager::Display::* const&)(), manager::Display*>(void (manager::Display::* const&)(), manager::Display*&&) /usr/include/c++/6/functional:251
    #6 0x55fd89a316df in decltype (__invoke((*this)._M_pmf, (forward<manager::Display*>)({parm#1}))) std::_Mem_fn_base<void (manager::Display::*)(), true>::operator()<manager::Display*>(manager::Display*&&) const /usr/include/c++/6/functional:604
    #7 0x55fd89a31369 in void std::_Bind_simple<std::_Mem_fn<void (manager::Display::*)()> (manager::Display*)>::_M_invoke<0ul>(std::_Index_tuple<0ul>) /usr/include/c++/6/functional:1391
    #8 0x55fd89a31110 in std::_Bind_simple<std::_Mem_fn<void (manager::Display::*)()> (manager::Display*)>::operator()() /usr/include/c++/6/functional:1380
    #9 0x55fd89a3107c in std::thread::_State_impl<std::_Bind_simple<std::_Mem_fn<void (manager::Display::*)()> (manager::Display*)> >::_M_run() /usr/include/c++/6/thread:197
    #10 0x7b0e9a040e6e  (/usr/lib/x86_64-linux-gnu/libstdc++.so.6+0xb9e6e)
    #11 0x7b0e98e62fa2 in start_thread (/lib/x86_64-linux-gnu/libpthread.so.0+0x7fa2)
    #12 0x7b0e98d934ce in clone (/lib/x86_64-linux-gnu/libc.so.6+0xf94ce)

0x60600000ed28 is located 8 bytes inside of 64-byte region [0x60600000ed20,0x60600000ed60)
freed by thread T0 here:
    #0 0x7b0e9a3cc7f0 in operator delete(void*, unsigned long) (/usr/lib/x86_64-linux-gnu/libasan.so.3+0xc37f0)
    #1 0x55fd89a346e5 in graphics::ResizableWindow::~ResizableWindow() src/graphics/resizableWindow.cpp:9
    #2 0x55fd89a278eb in manager::Display::~Display() src/manage/display.cpp:23
    #3 0x55fd89a2cac1 in manager::Game::run() src/manage/game.cpp:33
    #4 0x55fd89a33f39 in main src/main.cpp:7
    #5 0x7b0e98cbe09a in __libc_start_main (/lib/x86_64-linux-gnu/libc.so.6+0x2409a)

previously allocated by thread T0 here:
    #0 0x7b0e9a3cbbf0 in operator new(unsigned long) (/usr/lib/x86_64-linux-gnu/libasan.so.3+0xc2bf0)
    #1 0x55fd89a343d9 in graphics::ResizableWindow::ResizableWindow() src/graphics/resizableWindow.cpp:6
    #2 0x55fd89a273f0 in manager::Display::Display(manager::Level*) src/manage/display.cpp:19
    #3 0x55fd89a2c8f4 in manager::Game::run() src/manage/game.cpp:33
    #4 0x55fd89a33f39 in main src/main.cpp:7
    #5 0x7b0e98cbe09a in __libc_start_main (/lib/x86_64-linux-gnu/libc.so.6+0x2409a)

Thread T2 created by T0 here:
    #0 0x7b0e9a339f59 in __interceptor_pthread_create (/usr/lib/x86_64-linux-gnu/libasan.so.3+0x30f59)
    #1 0x7b0e9a041164 in std::thread::_M_start_thread(std::unique_ptr<std::thread::_State, std::default_delete<std::thread::_State> >, void (*)()) (/usr/lib/x86_64-linux-gnu/libstdc++.so.6+0xba164)
    #2 0x55fd89a2cbf5 in manager::Game::run() src/manage/game.cpp:37
    #3 0x55fd89a33f39 in main src/main.cpp:7
    #4 0x7b0e98cbe09a in __libc_start_main (/lib/x86_64-linux-gnu/libc.so.6+0x2409a)

SUMMARY: AddressSanitizer: heap-use-after-free include/data_structures/changeable.hpp:93 in Changeable<Position>::getCurrent()
Shadow bytes around the buggy address:
  0x0c0c7fff9d50: fa fa fa fa fa fa fa fa fa fa fa fa fa fa fa fa
  0x0c0c7fff9d60: fa fa fa fa fa fa fa fa fa fa fa fa fa fa fa fa
  0x0c0c7fff9d70: fa fa fa fa fa fa fa fa fa fa fa fa fa fa fa fa
  0x0c0c7fff9d80: fa fa fa fa fa fa fa fa fa fa fa fa fa fa fa fa
  0x0c0c7fff9d90: fa fa fa fa fa fa fa fa fa fa fa fa fa fa fa fa
=>0x0c0c7fff9da0: fa fa fa fa fd[fd]fd fd fd fd fd fd fa fa fa fa
  0x0c0c7fff9db0: fd fd fd fd fd fd fd fd fa fa fa fa 00 00 00 00
  0x0c0c7fff9dc0: 00 00 00 fa fa fa fa fa 00 00 00 00 00 00 00 00
  0x0c0c7fff9dd0: fa fa fa fa 00 00 00 00 00 00 00 fa fa fa fa fa
  0x0c0c7fff9de0: 00 00 00 00 00 00 00 fa fa fa fa fa 00 00 00 00
  0x0c0c7fff9df0: 00 00 00 00 fa fa fa fa 00 00 00 00 00 00 00 00
Shadow byte legend (one shadow byte represents 8 application bytes):
  Addressable:           00
  Partially addressable: 01 02 03 04 05 06 07 
  Heap left redzone:       fa
  Heap right redzone:      fb
  Freed heap region:       fd
  Stack left redzone:      f1
  Stack mid redzone:       f2
  Stack right redzone:     f3
  Stack partial redzone:   f4
  Stack after return:      f5
  Stack use after scope:   f8
  Global redzone:          f9
  Global init order:       f6
  Poisoned by user:        f7
  Container overflow:      fc
  Array cookie:            ac
  Intra object redzone:    bb
  ASan internal:           fe
  Left alloca redzone:     ca
  Right alloca redzone:    cb
==7314==ABORTING
